<?xml version="1.0" encoding="UTF-8"?>
<!-- Generated by org.testng.reporters.JUnitXMLReporter -->
<testsuite hostname="MohdAhmad-PC" name="Test Parametrize" tests="4" failures="0" timestamp="17 Nov 2014 08:27:55 GMT" time="0.025" errors="0">
  <testcase name="@BeforeMethod beforeMethod" time="0.0" classname="Practice.Newsample">
    <skipped/>
  </testcase> <!-- @BeforeMethod beforeMethod -->
  <testcase name="@AfterMethod afterMethod" time="0.0" classname="Practice.Newsample">
    <skipped/>
  </testcase> <!-- @AfterMethod afterMethod -->
  <testcase name="@BeforeMethod beforeMethod" time="0.0" classname="Practice.Newsample">
    <skipped/>
  </testcase> <!-- @BeforeMethod beforeMethod -->
  <testcase name="@AfterMethod afterMethod" time="0.0" classname="Practice.Newsample">
    <skipped/>
  </testcase> <!-- @AfterMethod afterMethod -->
  <testcase name="@BeforeMethod beforeMethod" time="0.0" classname="Practice.Newsample">
    <skipped/>
  </testcase> <!-- @BeforeMethod beforeMethod -->
  <testcase name="@AfterMethod afterMethod" time="0.0" classname="Practice.Newsample">
    <skipped/>
  </testcase> <!-- @AfterMethod afterMethod -->
  <testcase name="@BeforeMethod beforeMethod" time="0.0" classname="Practice.Newsample">
    <skipped/>
  </testcase> <!-- @BeforeMethod beforeMethod -->
  <testcase name="@AfterMethod afterMethod" time="0.0" classname="Practice.Newsample">
    <skipped/>
  </testcase> <!-- @AfterMethod afterMethod -->
  <testcase name="@AfterClass afterClass" time="0.0" classname="Practice.Newsample">
    <skipped/>
  </testcase> <!-- @AfterClass afterClass -->
  <testcase name="@AfterTest afterTest" time="0.0" classname="Practice.Newsample">
    <skipped/>
  </testcase> <!-- @AfterTest afterTest -->
  <testcase name="RegisterData" time="0.01" classname="Practice.Newsample">
    <skipped/>
  </testcase> <!-- RegisterData -->
  <testcase name="RegisterData" time="0.001" classname="Practice.Newsample">
    <skipped/>
  </testcase> <!-- RegisterData -->
  <testcase name="RegisterData" time="0.0" classname="Practice.Newsample">
    <skipped/>
  </testcase> <!-- RegisterData -->
  <testcase name="RegisterData" time="0.0" classname="Practice.Newsample">
    <skipped/>
  </testcase> <!-- RegisterData -->
</testsuite> <!-- Test Parametrize -->
